<?xml version="1.0" encoding="UTF-8"?>
<testng-results skipped="0" failed="0" ignored="0" total="1" passed="1">
  <reporter-output>
  </reporter-output>
  <suite name="Default suite" duration-ms="1740" started-at="2022-08-17T08:51:27 IST" finished-at="2022-08-17T08:51:29 IST">
    <groups>
    </groups>
    <test name="Default test" duration-ms="1740" started-at="2022-08-17T08:51:27 IST" finished-at="2022-08-17T08:51:29 IST">
      <class name="rest_assured.concepts.Basic_Meth_Prac">
        <test-method status="PASS" signature="deleteMethod()[pri:0, instance:rest_assured.concepts.Basic_Meth_Prac@1f57539]" name="deleteMethod" duration-ms="1710" started-at="2022-08-17T08:51:27 IST" finished-at="2022-08-17T08:51:29 IST">
          <reporter-output>
          </reporter-output>
        </test-method> <!-- deleteMethod -->
      </class> <!-- rest_assured.concepts.Basic_Meth_Prac -->
    </test> <!-- Default test -->
  </suite> <!-- Default suite -->
</testng-results>
